[2020-11-06T22:04:14.805] [DEBUG] cheese - login => username:zs,password:123456
[2020-11-06T22:04:14.808] [DEBUG] cheese - zs
[2020-11-06T22:04:14.969] [DEBUG] cheese - { inspect: [Function: inspect] }
[2020-11-06T22:04:14.995] [DEBUG] cheese - 查询失败
[2020-11-06T22:04:41.618] [DEBUG] cheese - login => username:admin,password:123456
[2020-11-06T22:04:41.619] [DEBUG] cheese - admin
[2020-11-06T22:04:41.629] [DEBUG] cheese - { inspect: [Function: inspect] }
[2020-11-06T22:04:41.630] [DEBUG] cheese - 查询失败
[2020-11-06T22:05:02.477] [DEBUG] cheese - login => username:admin,password:123456
[2020-11-06T22:05:02.478] [DEBUG] cheese - admin
[2020-11-06T22:05:02.487] [DEBUG] cheese - { inspect: [Function: inspect] }
[2020-11-06T22:05:02.487] [DEBUG] cheese - 查询失败
[2020-11-06T22:05:03.921] [DEBUG] cheese - login => username:admin,password:123456
[2020-11-06T22:05:03.921] [DEBUG] cheese - admin
[2020-11-06T22:05:03.931] [DEBUG] cheese - { inspect: [Function: inspect] }
[2020-11-06T22:05:03.931] [DEBUG] cheese - 查询失败
[2020-11-06T22:09:50.804] [DEBUG] cheese - login => username:admin,password:123456
[2020-11-06T22:09:50.804] [DEBUG] cheese - admin
[2020-11-06T22:09:50.816] [DEBUG] cheese - { inspect: [Function: inspect] }
[2020-11-06T22:09:50.817] [DEBUG] cheese - 查询失败
[2020-11-06T22:09:55.117] [DEBUG] cheese - login => username:admin,password:123456
[2020-11-06T22:09:55.117] [DEBUG] cheese - admin
[2020-11-06T22:09:55.126] [DEBUG] cheese - { inspect: [Function: inspect] }
[2020-11-06T22:09:55.127] [DEBUG] cheese - 查询失败
[2020-11-06T22:52:10.408] [DEBUG] cheese - login => username:admin,password:123456
[2020-11-06T22:52:10.409] [DEBUG] cheese - admin
[2020-11-06T22:52:10.430] [DEBUG] cheese - { inspect: [Function: inspect] }
[2020-11-06T22:52:10.431] [DEBUG] cheese - 查询失败
[2020-11-06T22:52:22.229] [DEBUG] cheese - login => username:zs,password:123456
[2020-11-06T22:52:22.230] [DEBUG] cheese - zs
[2020-11-06T22:52:22.243] [DEBUG] cheese - { inspect: [Function: inspect] }
[2020-11-06T22:52:22.243] [DEBUG] cheese - 查询失败
[2020-11-06T22:52:29.968] [DEBUG] cheese - login => username:admin,password:123456
[2020-11-06T22:52:29.968] [DEBUG] cheese - admin
[2020-11-06T22:52:29.986] [DEBUG] cheese - { inspect: [Function: inspect] }
[2020-11-06T22:52:29.986] [DEBUG] cheese - 查询失败
[2020-11-06T22:53:32.998] [DEBUG] cheese - login => username:linken,password:123456
[2020-11-06T22:53:32.998] [DEBUG] cheese - linken
[2020-11-06T22:53:33.016] [DEBUG] cheese - { inspect: [Function: inspect] }
[2020-11-06T22:53:33.017] [DEBUG] cheese - 查询失败
[2020-11-07T08:32:05.509] [DEBUG] cheese - login => username:admin,password:123456
[2020-11-07T08:32:05.603] [DEBUG] cheese - admin
[2020-11-07T08:32:06.433] [DEBUG] cheese - { inspect: [Function: inspect] }
[2020-11-07T08:32:06.434] [DEBUG] cheese - 查询失败
[2020-11-07T08:33:02.117] [DEBUG] cheese - login => username:admin,password:123456
[2020-11-07T08:33:02.118] [DEBUG] cheese - admin
[2020-11-07T08:33:02.527] [DEBUG] cheese - { inspect: [Function: inspect] }
[2020-11-07T08:33:02.527] [DEBUG] cheese - 查询失败
[2020-11-07T08:53:57.429] [DEBUG] cheese - login => username:admin,password:123456
[2020-11-07T08:53:57.431] [DEBUG] cheese - admin
[2020-11-07T08:53:57.501] [DEBUG] cheese - null
[2020-11-07T08:53:57.502] [DEBUG] cheese - null
[2020-11-07T08:54:11.878] [DEBUG] cheese - login => username:zs,password:123456
[2020-11-07T08:54:11.879] [DEBUG] cheese - zs
[2020-11-07T08:54:11.890] [DEBUG] cheese - null
[2020-11-07T08:54:11.890] [DEBUG] cheese - null
[2020-11-07T08:54:18.380] [DEBUG] cheese - login => username:admin,password:123456
[2020-11-07T08:54:18.380] [DEBUG] cheese - admin
[2020-11-07T08:54:18.389] [DEBUG] cheese - null
[2020-11-07T08:54:18.389] [DEBUG] cheese - null
[2020-11-07T09:07:23.873] [DEBUG] cheese - login => username:zs,password:123456
[2020-11-07T09:07:23.873] [DEBUG] cheese - zs
[2020-11-07T09:07:23.887] [DEBUG] cheese - null
[2020-11-07T09:07:23.888] [DEBUG] cheese - null
[2020-11-07T09:10:44.155] [DEBUG] cheese - login => username:admin,password:123456
[2020-11-07T09:10:44.155] [DEBUG] cheese - admin
[2020-11-07T09:10:44.163] [DEBUG] cheese - null
[2020-11-07T09:10:44.163] [DEBUG] cheese - null
[2020-11-07T09:13:48.481] [DEBUG] cheese - login => username:admin,password:123456
[2020-11-07T09:13:48.482] [DEBUG] cheese - admin
[2020-11-07T09:13:48.488] [DEBUG] cheese - null
[2020-11-07T09:13:48.488] [DEBUG] cheese - null
[2020-11-07T11:35:11.258] [DEBUG] cheese - login => username:admin,password:123456
[2020-11-07T11:35:11.280] [DEBUG] cheese - admin
[2020-11-07T11:35:11.920] [DEBUG] cheese - null
[2020-11-07T11:35:11.945] [DEBUG] cheese - null
[2020-11-07T11:36:36.458] [DEBUG] cheese - login => username:aaa,password:aaaaaaa
[2020-11-07T11:36:36.459] [DEBUG] cheese - aaa
[2020-11-07T11:36:36.491] [DEBUG] cheese - null
[2020-11-07T11:36:36.491] [DEBUG] cheese - null
[2020-11-07T11:37:42.039] [DEBUG] cheese - login => username:aaaaaa,password:aaaaaa
[2020-11-07T11:37:42.040] [DEBUG] cheese - aaaaaa
[2020-11-07T11:37:42.083] [DEBUG] cheese - null
[2020-11-07T11:37:42.084] [DEBUG] cheese - null
[2020-11-07T11:38:58.509] [DEBUG] cheese - login => username:aaa,password:123456
[2020-11-07T11:38:58.509] [DEBUG] cheese - aaa
[2020-11-07T11:38:58.552] [DEBUG] cheese - null
[2020-11-07T11:38:58.552] [DEBUG] cheese - null
[2020-11-07T11:40:49.203] [DEBUG] cheese - login => username:aaa,password:aaaaaaaa
[2020-11-07T11:40:49.203] [DEBUG] cheese - aaa
[2020-11-07T11:40:49.215] [DEBUG] cheese - null
[2020-11-07T11:40:49.216] [DEBUG] cheese - null
[2020-11-07T11:40:56.914] [DEBUG] cheese - login => username:admin,password:123456
[2020-11-07T11:40:56.915] [DEBUG] cheese - admin
[2020-11-07T11:40:56.938] [DEBUG] cheese - null
[2020-11-07T11:40:56.939] [DEBUG] cheese - null
[2020-11-07T11:41:03.025] [DEBUG] cheese - login => username:admin,password:111111
[2020-11-07T11:41:03.025] [DEBUG] cheese - admin
[2020-11-07T11:41:03.061] [DEBUG] cheese - null
[2020-11-07T11:41:03.061] [DEBUG] cheese - null
[2020-11-07T11:52:03.089] [DEBUG] cheese - login => username:aaa,password:aaaaaaa
[2020-11-07T11:52:03.089] [DEBUG] cheese - aaa
[2020-11-07T11:52:03.105] [DEBUG] cheese - null
[2020-11-07T11:52:03.105] [DEBUG] cheese - null
[2020-11-07T11:52:18.100] [DEBUG] cheese - login => username:admin,password:123456
[2020-11-07T11:52:18.100] [DEBUG] cheese - admin
[2020-11-07T11:52:18.137] [DEBUG] cheese - null
[2020-11-07T11:52:18.138] [DEBUG] cheese - null
[2020-11-07T11:52:22.209] [DEBUG] cheese - login => username:admin,password:111111
[2020-11-07T11:52:22.209] [DEBUG] cheese - admin
[2020-11-07T11:52:22.251] [DEBUG] cheese - null
[2020-11-07T11:52:22.251] [DEBUG] cheese - null
[2020-11-07T13:09:07.035] [DEBUG] cheese - login => username:admin,password:123456
[2020-11-07T13:09:07.037] [DEBUG] cheese - admin
[2020-11-07T13:09:07.326] [DEBUG] cheese - null
[2020-11-07T13:09:07.326] [DEBUG] cheese - null
[2020-11-07T13:09:24.784] [DEBUG] cheese - login => username:admin,password:123456
[2020-11-07T13:09:24.784] [DEBUG] cheese - admin
[2020-11-07T13:09:24.798] [DEBUG] cheese - null
[2020-11-07T13:09:24.798] [DEBUG] cheese - null
[2020-11-07T13:12:08.632] [DEBUG] cheese - login => username:admin,password:123456
[2020-11-07T13:12:08.632] [DEBUG] cheese - admin
[2020-11-07T13:12:08.640] [DEBUG] cheese - null
[2020-11-07T13:12:08.641] [DEBUG] cheese - null
[2020-11-07T13:16:55.391] [DEBUG] cheese - login => username:admin,password:123456
[2020-11-07T13:16:55.391] [DEBUG] cheese - admin
[2020-11-07T13:16:55.400] [DEBUG] cheese - null
[2020-11-07T13:16:55.401] [DEBUG] cheese - null
[2020-11-07T13:29:10.287] [DEBUG] cheese - login => username:admin,password:123456
[2020-11-07T13:29:10.287] [DEBUG] cheese - admin
[2020-11-07T13:29:10.427] [DEBUG] cheese - null
[2020-11-07T13:29:10.427] [DEBUG] cheese - null
[2020-11-07T14:03:02.639] [DEBUG] cheese - login => username:admin,password:123456
[2020-11-07T14:03:02.640] [DEBUG] cheese - admin
[2020-11-07T14:03:02.657] [DEBUG] cheese - null
[2020-11-07T14:03:02.657] [DEBUG] cheese - null
[2020-11-07T14:08:30.656] [DEBUG] cheese - login => username:admin,password:123456
[2020-11-07T14:08:30.656] [DEBUG] cheese - admin
[2020-11-07T14:08:30.706] [DEBUG] cheese - null
[2020-11-07T14:08:30.707] [DEBUG] cheese - null
[2020-11-07T14:55:34.428] [DEBUG] cheese - login => username:admin,password:123456
[2020-11-07T14:55:34.429] [DEBUG] cheese - admin
[2020-11-07T14:55:34.492] [DEBUG] cheese - null
[2020-11-07T14:55:34.492] [DEBUG] cheese - null
[2020-11-07T15:11:07.054] [DEBUG] cheese - login => username:admin,password:123456
[2020-11-07T15:11:07.055] [DEBUG] cheese - admin
[2020-11-07T15:11:07.101] [DEBUG] cheese - null
[2020-11-07T15:11:07.101] [DEBUG] cheese - null
[2020-11-07T15:30:27.828] [DEBUG] cheese - login => username:admin,password:123456
[2020-11-07T15:30:27.937] [DEBUG] cheese - admin
[2020-11-07T15:30:28.729] [DEBUG] cheese - null
[2020-11-07T15:30:28.729] [DEBUG] cheese - null
[2020-11-07T16:20:12.632] [DEBUG] cheese - login => username:admin,password:123456
[2020-11-07T16:20:12.634] [DEBUG] cheese - admin
[2020-11-07T16:20:12.733] [DEBUG] cheese - null
[2020-11-07T16:20:12.733] [DEBUG] cheese - null
[2020-11-07T16:22:10.238] [DEBUG] cheese - login => username:admin,password:123456
[2020-11-07T16:22:10.238] [DEBUG] cheese - admin
[2020-11-07T16:22:10.264] [DEBUG] cheese - null
[2020-11-07T16:22:10.264] [DEBUG] cheese - null
[2020-11-07T16:39:32.816] [DEBUG] cheese - login => username:admin,password:123456
[2020-11-07T16:39:32.816] [DEBUG] cheese - admin
[2020-11-07T16:39:32.907] [DEBUG] cheese - null
[2020-11-07T16:39:32.908] [DEBUG] cheese - null
[2020-11-08T14:12:03.278] [DEBUG] cheese - login => username:admin,password:123456
[2020-11-08T14:12:03.282] [DEBUG] cheese - admin
[2020-11-08T14:12:03.608] [DEBUG] cheese - null
[2020-11-08T14:12:03.609] [DEBUG] cheese - null
[2020-11-08T17:10:41.926] [DEBUG] cheese - null
[2020-11-08T17:10:49.399] [DEBUG] cheese - null
[2020-11-08T17:13:17.224] [DEBUG] cheese - null
[2020-11-08T17:14:42.301] [DEBUG] cheese - null
[2020-11-08T17:15:59.765] [DEBUG] cheese - null
[2020-11-08T17:16:03.251] [DEBUG] cheese - null
[2020-11-08T21:43:57.815] [DEBUG] cheese - login => username:admin,password:123456
[2020-11-08T21:43:57.860] [DEBUG] cheese - admin
[2020-11-08T21:43:57.977] [DEBUG] cheese - null
[2020-11-08T21:43:57.978] [DEBUG] cheese - null
[2020-11-08T21:47:22.872] [DEBUG] cheese - login => username:admin,password:123456
[2020-11-08T21:47:22.875] [DEBUG] cheese - admin
[2020-11-08T21:47:22.896] [DEBUG] cheese - null
[2020-11-08T21:47:22.897] [DEBUG] cheese - null
[2020-11-08T22:06:44.040] [DEBUG] cheese - login => username:admin,password:123456
[2020-11-08T22:06:44.043] [DEBUG] cheese - admin
[2020-11-08T22:06:44.092] [DEBUG] cheese - null
[2020-11-08T22:06:44.093] [DEBUG] cheese - null
[2020-11-10T12:04:30.180] [DEBUG] cheese - login => username:admin,password:123456
[2020-11-10T12:04:30.183] [DEBUG] cheese - admin
[2020-11-10T12:04:31.243] [DEBUG] cheese - null
[2020-11-10T12:04:31.244] [DEBUG] cheese - null
[2020-11-10T14:25:14.265] [DEBUG] cheese - login => username:admin,password:123456
[2020-11-10T14:25:14.313] [DEBUG] cheese - admin
[2020-11-10T14:25:15.512] [DEBUG] cheese - null
[2020-11-10T14:25:15.513] [DEBUG] cheese - null
[2020-11-10T16:53:49.547] [DEBUG] cheese - login => username:admin,password:123456
[2020-11-10T16:53:49.580] [DEBUG] cheese - admin
[2020-11-10T16:53:49.614] [DEBUG] cheese - null
[2020-11-10T16:53:49.615] [DEBUG] cheese - null
[2020-11-10T18:05:52.355] [DEBUG] cheese - login => username:admin,password:123456
[2020-11-10T18:05:52.369] [DEBUG] cheese - admin
[2020-11-10T18:05:52.485] [DEBUG] cheese - null
[2020-11-10T18:05:52.486] [DEBUG] cheese - null
[2020-11-10T19:03:29.654] [DEBUG] cheese - login => username:admin,password:123456
[2020-11-10T19:03:29.726] [DEBUG] cheese - admin
[2020-11-10T19:03:29.972] [DEBUG] cheese - null
[2020-11-10T19:03:29.985] [DEBUG] cheese - null
[2020-11-11T10:50:09.857] [DEBUG] cheese - login => username:admin,password:123456
[2020-11-11T10:50:09.899] [DEBUG] cheese - admin
[2020-11-11T10:50:10.508] [DEBUG] cheese - null
[2020-11-11T10:50:10.511] [DEBUG] cheese - null
[2020-11-11T10:55:48.649] [DEBUG] cheese - login => username:asdf,password:123456
[2020-11-11T10:55:48.653] [DEBUG] cheese - asdf
[2020-11-11T10:55:48.748] [DEBUG] cheese - null
[2020-11-11T10:55:48.749] [DEBUG] cheese - null
[2020-11-11T10:56:00.785] [DEBUG] cheese - login => username:admin,password:111111
[2020-11-11T10:56:00.786] [DEBUG] cheese - admin
[2020-11-11T10:56:00.794] [DEBUG] cheese - null
[2020-11-11T10:56:00.794] [DEBUG] cheese - null
[2020-11-11T10:56:04.628] [DEBUG] cheese - login => username:admin,password:123456
[2020-11-11T10:56:04.628] [DEBUG] cheese - admin
[2020-11-11T10:56:04.637] [DEBUG] cheese - null
[2020-11-11T10:56:04.637] [DEBUG] cheese - null
[2020-11-11T16:31:45.468] [DEBUG] cheese - login => username:admin1,password:123456
[2020-11-11T16:31:45.564] [DEBUG] cheese - admin1
[2020-11-11T16:31:45.641] [DEBUG] cheese - null
[2020-11-11T16:31:45.656] [DEBUG] cheese - null
[2020-11-11T16:31:50.093] [DEBUG] cheese - login => username:admin1,password:123456
[2020-11-11T16:31:50.093] [DEBUG] cheese - admin1
[2020-11-11T16:31:50.101] [DEBUG] cheese - null
[2020-11-11T16:31:50.101] [DEBUG] cheese - null
[2020-11-11T16:31:56.386] [DEBUG] cheese - login => username:admin,password:123456
[2020-11-11T16:31:56.387] [DEBUG] cheese - admin
[2020-11-11T16:31:56.394] [DEBUG] cheese - null
[2020-11-11T16:31:56.394] [DEBUG] cheese - null
[2020-11-11T16:32:09.016] [DEBUG] cheese - login => username:admin1,password:123456
[2020-11-11T16:32:09.016] [DEBUG] cheese - admin1
[2020-11-11T16:32:09.022] [DEBUG] cheese - null
[2020-11-11T16:32:09.023] [DEBUG] cheese - null
[2020-11-11T16:32:14.766] [DEBUG] cheese - login => username:admin1,password:123456
[2020-11-11T16:32:14.766] [DEBUG] cheese - admin1
[2020-11-11T16:32:14.793] [DEBUG] cheese - null
[2020-11-11T16:32:14.793] [DEBUG] cheese - null
[2020-11-11T16:32:19.494] [DEBUG] cheese - login => username:admin,password:123456
[2020-11-11T16:32:19.495] [DEBUG] cheese - admin
[2020-11-11T16:32:19.504] [DEBUG] cheese - null
[2020-11-11T16:32:19.504] [DEBUG] cheese - null
[2020-11-11T16:41:28.360] [DEBUG] cheese - login => username:admin1,password:123456
[2020-11-11T16:41:28.361] [DEBUG] cheese - admin1
[2020-11-11T16:41:28.377] [DEBUG] cheese - null
[2020-11-11T16:41:28.377] [DEBUG] cheese - null
[2020-11-11T16:41:36.840] [DEBUG] cheese - login => username:admin,password:123456
[2020-11-11T16:41:36.840] [DEBUG] cheese - admin
[2020-11-11T16:41:37.079] [DEBUG] cheese - null
[2020-11-11T16:41:37.079] [DEBUG] cheese - null
[2020-11-11T16:54:18.753] [DEBUG] cheese - login => username:admin1,password:123456
[2020-11-11T16:54:18.753] [DEBUG] cheese - admin1
[2020-11-11T16:54:18.765] [DEBUG] cheese - null
[2020-11-11T16:54:18.843] [DEBUG] cheese - null
[2020-11-11T16:54:22.991] [DEBUG] cheese - null
[2020-11-11T16:54:23.222] [DEBUG] cheese - null
[2020-11-11T16:54:28.038] [DEBUG] cheese - null
[2020-11-11T16:54:28.048] [DEBUG] cheese - null
[2020-11-11T16:54:29.170] [DEBUG] cheese - null
[2020-11-11T16:54:29.183] [DEBUG] cheese - null
[2020-11-11T16:54:34.500] [DEBUG] cheese - null
[2020-11-11T16:54:34.508] [DEBUG] cheese - null
[2020-11-11T16:54:46.682] [DEBUG] cheese - login => username:admin,password:123456
[2020-11-11T16:54:46.682] [DEBUG] cheese - admin
[2020-11-11T16:54:46.699] [DEBUG] cheese - null
[2020-11-11T16:54:46.700] [DEBUG] cheese - null
[2020-11-11T16:55:16.093] [DEBUG] cheese - login => username:admin1,password:123456
[2020-11-11T16:55:16.093] [DEBUG] cheese - admin1
[2020-11-11T16:55:16.146] [DEBUG] cheese - null
[2020-11-11T16:55:16.146] [DEBUG] cheese - null
[2020-11-11T16:55:20.062] [DEBUG] cheese - login => username:admin,password:123456
[2020-11-11T16:55:20.062] [DEBUG] cheese - admin
[2020-11-11T16:55:20.072] [DEBUG] cheese - null
[2020-11-11T16:55:20.072] [DEBUG] cheese - null
[2020-11-11T17:09:08.480] [DEBUG] cheese - login => username:admin,password:123456
[2020-11-11T17:09:08.481] [DEBUG] cheese - admin
[2020-11-11T17:09:08.494] [DEBUG] cheese - null
[2020-11-11T17:09:08.494] [DEBUG] cheese - null
[2020-11-11T17:09:20.298] [DEBUG] cheese - login => username:admin,password:123456
[2020-11-11T17:09:20.298] [DEBUG] cheese - admin
[2020-11-11T17:09:20.309] [DEBUG] cheese - null
[2020-11-11T17:09:20.309] [DEBUG] cheese - null
[2020-11-11T17:13:57.575] [DEBUG] cheese - login => username:admin1,password:123456
[2020-11-11T17:13:57.575] [DEBUG] cheese - admin1
[2020-11-11T17:13:57.585] [DEBUG] cheese - null
[2020-11-11T17:13:57.586] [DEBUG] cheese - null
[2020-11-11T17:14:26.408] [DEBUG] cheese - login => username:admin,password:123456
[2020-11-11T17:14:26.409] [DEBUG] cheese - admin
[2020-11-11T17:14:26.420] [DEBUG] cheese - null
[2020-11-11T17:14:26.420] [DEBUG] cheese - null
[2020-11-11T17:14:38.365] [DEBUG] cheese - login => username:admin,password:123456
[2020-11-11T17:14:38.366] [DEBUG] cheese - admin
[2020-11-11T17:14:38.381] [DEBUG] cheese - null
[2020-11-11T17:14:38.381] [DEBUG] cheese - null
[2020-11-11T17:14:58.527] [DEBUG] cheese - login => username:admin1,password:123456
[2020-11-11T17:14:58.527] [DEBUG] cheese - admin1
[2020-11-11T17:14:58.534] [DEBUG] cheese - null
[2020-11-11T17:14:58.534] [DEBUG] cheese - null
[2020-11-11T17:15:02.011] [DEBUG] cheese - login => username:admin,password:123456
[2020-11-11T17:15:02.011] [DEBUG] cheese - admin
[2020-11-11T17:15:02.020] [DEBUG] cheese - null
[2020-11-11T17:15:02.022] [DEBUG] cheese - null
[2020-11-11T19:57:31.768] [DEBUG] cheese - null
[2020-11-11T19:59:46.257] [DEBUG] cheese - null
[2020-11-11T20:39:24.515] [DEBUG] cheese - login => username:admin,password:123456
[2020-11-11T20:39:24.542] [DEBUG] cheese - admin
[2020-11-11T20:39:24.810] [DEBUG] cheese - null
[2020-11-11T20:39:24.811] [DEBUG] cheese - null
[2020-11-11T21:10:32.423] [DEBUG] cheese - login => username:asmin,password:123456
[2020-11-11T21:10:32.439] [DEBUG] cheese - asmin
[2020-11-11T21:10:32.563] [DEBUG] cheese - null
[2020-11-11T21:10:32.563] [DEBUG] cheese - null
[2020-11-11T21:10:39.452] [DEBUG] cheese - login => username:admin,password:123456
[2020-11-11T21:10:39.452] [DEBUG] cheese - admin
[2020-11-11T21:10:39.559] [DEBUG] cheese - null
[2020-11-11T21:10:39.559] [DEBUG] cheese - null
[2020-11-11T21:54:17.713] [DEBUG] cheese - null
[2020-11-11T22:11:04.550] [DEBUG] cheese - null
[2020-11-11T22:13:27.605] [DEBUG] cheese - null
[2020-11-12T13:42:07.924] [DEBUG] cheese - login => username:admin,password:123456
[2020-11-12T13:42:07.981] [DEBUG] cheese - admin
[2020-11-12T13:42:08.187] [DEBUG] cheese - null
[2020-11-12T13:42:08.189] [DEBUG] cheese - null
[2020-11-12T13:43:05.035] [DEBUG] cheese - login => username:admin,password:123456
[2020-11-12T13:43:05.036] [DEBUG] cheese - admin
[2020-11-12T13:43:05.045] [DEBUG] cheese - null
[2020-11-12T13:43:05.045] [DEBUG] cheese - null
[2020-11-12T14:19:36.932] [DEBUG] cheese - login => username:admin,password:123456
[2020-11-12T14:19:37.046] [DEBUG] cheese - admin
[2020-11-12T14:19:37.073] [DEBUG] cheese - null
[2020-11-12T14:19:37.075] [DEBUG] cheese - null
[2020-11-12T14:42:18.688] [DEBUG] cheese - login => username:admin,password:123456
[2020-11-12T14:42:18.698] [DEBUG] cheese - admin
[2020-11-12T14:42:19.162] [DEBUG] cheese - null
[2020-11-12T14:42:19.162] [DEBUG] cheese - null
[2020-11-12T14:43:48.144] [DEBUG] cheese - login => username:admin,password:123456
[2020-11-12T14:43:48.145] [DEBUG] cheese - admin
[2020-11-12T14:43:48.186] [DEBUG] cheese - null
[2020-11-12T14:43:48.206] [DEBUG] cheese - null
[2020-11-12T14:44:14.069] [DEBUG] cheese - login => username:admin,password:123456
[2020-11-12T14:44:14.069] [DEBUG] cheese - admin
[2020-11-12T14:44:14.079] [DEBUG] cheese - null
[2020-11-12T14:44:14.079] [DEBUG] cheese - null
[2020-11-12T14:45:06.486] [DEBUG] cheese - login => username:admin,password:123456
[2020-11-12T14:45:06.486] [DEBUG] cheese - admin
[2020-11-12T14:45:06.507] [DEBUG] cheese - null
[2020-11-12T14:45:06.508] [DEBUG] cheese - null
[2020-11-12T14:49:55.584] [DEBUG] cheese - login => username:admin,password:123456
[2020-11-12T14:49:55.585] [DEBUG] cheese - admin
[2020-11-12T14:49:55.607] [DEBUG] cheese - null
[2020-11-12T14:49:55.616] [DEBUG] cheese - null
[2020-11-12T14:51:01.646] [DEBUG] cheese - login => username:admin,password:123456
[2020-11-12T14:51:01.647] [DEBUG] cheese - admin
[2020-11-12T14:51:02.027] [DEBUG] cheese - null
[2020-11-12T14:51:02.028] [DEBUG] cheese - null
[2020-11-12T14:54:17.071] [DEBUG] cheese - login => username:admin,password:123456
[2020-11-12T14:54:17.072] [DEBUG] cheese - admin
[2020-11-12T14:54:17.112] [DEBUG] cheese - null
[2020-11-12T14:54:17.113] [DEBUG] cheese - null
[2020-11-12T14:54:35.077] [DEBUG] cheese - login => username:admin,password:123456
[2020-11-12T14:54:35.077] [DEBUG] cheese - admin
[2020-11-12T14:54:35.168] [DEBUG] cheese - null
[2020-11-12T14:54:35.168] [DEBUG] cheese - null
[2020-11-12T14:58:17.829] [DEBUG] cheese - login => username:admin,password:123456
[2020-11-12T14:58:17.830] [DEBUG] cheese - admin
[2020-11-12T14:58:17.874] [DEBUG] cheese - null
[2020-11-12T14:58:17.874] [DEBUG] cheese - null
[2020-11-12T14:59:18.586] [DEBUG] cheese - login => username:admin,password:123456
[2020-11-12T14:59:18.586] [DEBUG] cheese - admin
[2020-11-12T14:59:18.618] [DEBUG] cheese - null
[2020-11-12T14:59:18.618] [DEBUG] cheese - null
[2020-11-12T15:31:15.338] [DEBUG] cheese - login => username:admin,password:123456
[2020-11-12T15:31:15.443] [DEBUG] cheese - admin
[2020-11-12T15:31:17.471] [DEBUG] cheese - null
[2020-11-12T15:31:17.478] [DEBUG] cheese - null
[2020-11-12T15:43:26.743] [DEBUG] cheese - login => username:admin,password:123456
[2020-11-12T15:43:26.743] [DEBUG] cheese - admin
[2020-11-12T15:43:27.413] [DEBUG] cheese - null
[2020-11-12T15:43:27.413] [DEBUG] cheese - null
[2020-11-12T15:58:56.416] [DEBUG] cheese - login => username:admin,password:123456
[2020-11-12T15:58:56.595] [DEBUG] cheese - admin
[2020-11-12T15:58:56.729] [DEBUG] cheese - null
[2020-11-12T15:58:56.753] [DEBUG] cheese - null
[2020-11-12T19:34:11.945] [DEBUG] cheese - login => username:admin,password:123456
[2020-11-12T19:34:12.145] [DEBUG] cheese - admin
[2020-11-12T19:34:13.810] [DEBUG] cheese - null
[2020-11-12T19:34:13.810] [DEBUG] cheese - null
[2020-11-12T19:34:28.855] [DEBUG] cheese - login => username:admin,password:123456
[2020-11-12T19:34:28.873] [DEBUG] cheese - admin
[2020-11-12T19:34:28.881] [DEBUG] cheese - null
[2020-11-12T19:34:28.881] [DEBUG] cheese - null
[2020-11-12T21:01:06.805] [DEBUG] cheese - login => username:admin,password:123456
[2020-11-12T21:01:06.886] [DEBUG] cheese - admin
[2020-11-12T21:01:07.691] [DEBUG] cheese - null
[2020-11-12T21:01:07.692] [DEBUG] cheese - null
[2020-11-12T21:20:55.896] [DEBUG] cheese - login => username:admin1,password:111111
[2020-11-12T21:20:55.896] [DEBUG] cheese - admin1
[2020-11-12T21:20:56.090] [DEBUG] cheese - null
[2020-11-12T21:20:56.090] [DEBUG] cheese - null
[2020-11-12T21:21:04.599] [DEBUG] cheese - login => username:admin11,password:111111
[2020-11-12T21:21:04.599] [DEBUG] cheese - admin11
[2020-11-12T21:21:04.688] [DEBUG] cheese - null
[2020-11-12T21:21:04.688] [DEBUG] cheese - null
[2020-11-12T21:21:07.957] [DEBUG] cheese - login => username:admin,password:111111
[2020-11-12T21:21:07.958] [DEBUG] cheese - admin
[2020-11-12T21:21:07.965] [DEBUG] cheese - null
[2020-11-12T21:21:07.965] [DEBUG] cheese - null
[2020-11-12T21:21:16.006] [DEBUG] cheese - login => username:admin,password:123456
[2020-11-12T21:21:16.006] [DEBUG] cheese - admin
[2020-11-12T21:21:16.030] [DEBUG] cheese - null
[2020-11-12T21:21:16.047] [DEBUG] cheese - null
[2020-11-12T21:27:10.029] [DEBUG] cheese - login => username:admin,password:123456
[2020-11-12T21:27:10.029] [DEBUG] cheese - admin
[2020-11-12T21:27:10.099] [DEBUG] cheese - null
[2020-11-12T21:27:10.099] [DEBUG] cheese - null
[2020-11-12T22:47:14.827] [DEBUG] cheese - login => username:admin,password:123456
[2020-11-12T22:47:14.873] [DEBUG] cheese - admin
[2020-11-12T22:47:15.562] [DEBUG] cheese - null
[2020-11-12T22:47:15.562] [DEBUG] cheese - null
[2020-11-12T22:49:00.561] [DEBUG] cheese - login => username:admin,password:123456
[2020-11-12T22:49:00.561] [DEBUG] cheese - admin
[2020-11-12T22:49:00.696] [DEBUG] cheese - null
[2020-11-12T22:49:00.696] [DEBUG] cheese - null
[2020-11-12T22:49:20.573] [DEBUG] cheese - login => username:admin,password:123456
[2020-11-12T22:49:20.574] [DEBUG] cheese - admin
[2020-11-12T22:49:20.653] [DEBUG] cheese - null
[2020-11-12T22:49:20.653] [DEBUG] cheese - null
[2020-11-12T22:51:10.642] [DEBUG] cheese - login => username:admin,password:123456
[2020-11-12T22:51:10.642] [DEBUG] cheese - admin
[2020-11-12T22:51:10.671] [DEBUG] cheese - null
[2020-11-12T22:51:10.672] [DEBUG] cheese - null
[2020-11-13T09:13:32.708] [DEBUG] cheese - login => username:admin,password:123456
[2020-11-13T09:13:32.711] [DEBUG] cheese - admin
[2020-11-13T09:13:33.109] [DEBUG] cheese - null
[2020-11-13T09:13:33.110] [DEBUG] cheese - null
[2020-11-13T09:19:30.445] [DEBUG] cheese - login => username:admin,password:123456
[2020-11-13T09:19:30.446] [DEBUG] cheese - admin
[2020-11-13T09:19:30.458] [DEBUG] cheese - null
[2020-11-13T09:19:30.458] [DEBUG] cheese - null
[2020-11-13T09:37:58.287] [DEBUG] cheese - login => username:admin,password:123456
[2020-11-13T09:37:58.287] [DEBUG] cheese - admin
[2020-11-13T09:37:58.294] [DEBUG] cheese - null
[2020-11-13T09:37:58.295] [DEBUG] cheese - null
[2020-11-13T10:17:11.877] [DEBUG] cheese - login => username:admin,password:123456
[2020-11-13T10:17:11.878] [DEBUG] cheese - admin
[2020-11-13T10:17:11.888] [DEBUG] cheese - null
[2020-11-13T10:17:11.888] [DEBUG] cheese - null
[2020-11-13T22:03:39.594] [DEBUG] cheese - login => username:admin1,password:123456
[2020-11-13T22:03:39.675] [DEBUG] cheese - admin1
[2020-11-13T22:03:39.716] [DEBUG] cheese - null
[2020-11-13T22:03:39.716] [DEBUG] cheese - null
[2020-11-13T22:03:43.589] [DEBUG] cheese - login => username:admin,password:123456
[2020-11-13T22:03:43.589] [DEBUG] cheese - admin
[2020-11-13T22:03:43.599] [DEBUG] cheese - null
[2020-11-13T22:03:43.600] [DEBUG] cheese - null
[2020-11-13T22:04:00.911] [DEBUG] cheese - login => username:admin1,password:123456
[2020-11-13T22:04:00.911] [DEBUG] cheese - admin1
[2020-11-13T22:04:00.918] [DEBUG] cheese - null
[2020-11-13T22:04:00.918] [DEBUG] cheese - null
[2020-11-13T22:04:04.647] [DEBUG] cheese - login => username:admin,password:123456
[2020-11-13T22:04:04.647] [DEBUG] cheese - admin
[2020-11-13T22:04:04.683] [DEBUG] cheese - null
[2020-11-13T22:04:04.683] [DEBUG] cheese - null
[2020-11-13T22:05:55.809] [DEBUG] cheese - login => username:admin1,password:123456
[2020-11-13T22:05:55.809] [DEBUG] cheese - admin1
[2020-11-13T22:05:55.830] [DEBUG] cheese - null
[2020-11-13T22:05:55.830] [DEBUG] cheese - null
[2020-11-13T22:06:05.418] [DEBUG] cheese - login => username:admin,password:123456
[2020-11-13T22:06:05.418] [DEBUG] cheese - admin
[2020-11-13T22:06:05.457] [DEBUG] cheese - null
[2020-11-13T22:06:05.457] [DEBUG] cheese - null
[2020-11-14T11:35:24.834] [DEBUG] cheese - login => username:admin,password:123456
[2020-11-14T11:35:24.836] [DEBUG] cheese - admin
[2020-11-14T11:35:25.861] [DEBUG] cheese - null
[2020-11-14T11:35:25.862] [DEBUG] cheese - null
[2020-11-14T11:49:58.829] [DEBUG] cheese - login => username:admin,password:123456
[2020-11-14T11:49:58.834] [DEBUG] cheese - admin
[2020-11-14T11:49:58.844] [DEBUG] cheese - null
[2020-11-14T11:49:58.845] [DEBUG] cheese - null
[2020-11-18T19:27:26.324] [DEBUG] cheese - login => username:admin,password:123456
[2020-11-18T19:27:26.416] [DEBUG] cheese - admin
[2020-11-18T19:27:27.056] [DEBUG] cheese - null
[2020-11-18T19:27:27.057] [DEBUG] cheese - null
